<?xml version="1.0" encoding="UTF-8" ?>
<testsuite tests="1" failures="1" name="sd.AppTest" time="0.011" errors="0" skipped="0">
  <properties>
    <property name="java.runtime.name" value="OpenJDK Runtime Environment"/>
    <property name="java.vm.version" value="14.0.1+7"/>
    <property name="sun.boot.library.path" value="C:\Users\shree\scoop\apps\openjdk\current\bin"/>
    <property name="maven.multiModuleProjectDirectory" value="D:\voicething\scratch\Matrix"/>
    <property name="java.vm.vendor" value="Oracle Corporation"/>
    <property name="java.vendor.url" value="https://java.oracle.com/"/>
    <property name="guice.disable.misplaced.annotation.check" value="true"/>
    <property name="path.separator" value=";"/>
    <property name="java.vm.name" value="OpenJDK 64-Bit Server VM"/>
    <property name="sun.os.patch.level" value=""/>
    <property name="user.script" value=""/>
    <property name="user.country" value="US"/>
    <property name="sun.java.launcher" value="SUN_STANDARD"/>
    <property name="java.vm.specification.name" value="Java Virtual Machine Specification"/>
    <property name="user.dir" value="D:\voicething\scratch\Matrix"/>
    <property name="java.vm.compressedOopsMode" value="Zero based"/>
    <property name="java.runtime.version" value="14.0.1+7"/>
    <property name="os.arch" value="amd64"/>
    <property name="java.io.tmpdir" value="C:\Users\shree\AppData\Local\Temp\"/>
    <property name="line.separator" value="
"/>
    <property name="java.vm.specification.vendor" value="Oracle Corporation"/>
    <property name="user.variant" value=""/>
    <property name="os.name" value="Windows 10"/>
    <property name="classworlds.conf" value="C:\Users\shree\scoop\apps\maven\current\bin\..\bin\m2.conf"/>
    <property name="sun.jnu.encoding" value="Cp1252"/>
    <property name="java.library.path" value="C:\Users\shree\scoop\apps\openjdk\current\bin;C:\windows\Sun\Java\bin;C:\windows\system32;C:\windows;C:\Program Files (x86)\Common Files\Oracle\Java\javapath;C:\windows\system32;C:\windows;C:\windows\System32\Wbem;C:\windows\System32\WindowsPowerShell\v1.0\;C:\windows\System32\OpenSSH\;C:\Program Files\Java\jdk-13.0.1\bin;D:\SetupFiles\command;D:\SetupFiles\;C:\ProgramData\chocolatey\bin;C:\Program Files\nodejs;C:\Program Files\nodejs\;D:\SetupFiles\scala\bin;D:\SetupFiles\scala\bin;C:\Program Files\Java\jdk1.8.0_241\bin;C:\Program Files\Java\jre1.8.0_241\bin;D:\SetupFiles\Git\cmd;C:\Users\shree\scoop\apps\maven\current\bin;C:\Users\shree\scoop\apps\openjdk\current\bin;C:\Users\shree\scoop\apps\gcc\current\bin;C:\Users\shree\scoop\shims;C:\Users\shree\.cargo\bin;D:\SetupFiles\Anaconda;D:\SetupFiles\Anaconda\Library\mingw-w64\bin;D:\SetupFiles\Anaconda\Library\usr\bin;D:\SetupFiles\Anaconda\Library\bin;D:\SetupFiles\Anaconda\Scripts;C:\Users\shree\AppData\Local\Microsoft\WindowsApps;D:\IntelliJ IDEA 2019.3.1\bin;C:\Users\shree\AppData\Local\Programs\Microsoft VS Code\bin;C:\Users\shree\AppData\Local\atom\bin;C:\Users\shree\AppData\Roaming\npm;."/>
    <property name="maven.conf" value="C:\Users\shree\scoop\apps\maven\current\bin\../conf"/>
    <property name="jdk.debug" value="release"/>
    <property name="java.class.version" value="58.0"/>
    <property name="java.specification.name" value="Java Platform API Specification"/>
    <property name="sun.management.compiler" value="HotSpot 64-Bit Tiered Compilers"/>
    <property name="os.version" value="10.0"/>
    <property name="library.jansi.path" value="C:\Users\shree\scoop\apps\maven\current\bin\..\lib\jansi-native"/>
    <property name="user.home" value="C:\Users\shree"/>
    <property name="user.timezone" value="America/New_York"/>
    <property name="file.encoding" value="Cp1252"/>
    <property name="java.specification.version" value="14"/>
    <property name="user.name" value="shree"/>
    <property name="java.class.path" value="C:\Users\shree\scoop\apps\maven\current\bin\..\boot\plexus-classworlds-2.6.0.jar"/>
    <property name="java.vm.specification.version" value="14"/>
    <property name="sun.arch.data.model" value="64"/>
    <property name="sun.java.command" value="org.codehaus.plexus.classworlds.launcher.Launcher test"/>
    <property name="java.home" value="C:\Users\shree\scoop\apps\openjdk\current"/>
    <property name="user.language" value="en"/>
    <property name="java.specification.vendor" value="Oracle Corporation"/>
    <property name="java.vm.info" value="mixed mode, sharing"/>
    <property name="java.version" value="14.0.1"/>
    <property name="java.vendor" value="Oracle Corporation"/>
    <property name="sun.stderr.encoding" value="cp437"/>
    <property name="maven.home" value="C:\Users\shree\scoop\apps\maven\current\bin\.."/>
    <property name="file.separator" value="\"/>
    <property name="java.version.date" value="2020-04-14"/>
    <property name="java.vendor.url.bug" value="https://bugreport.java.com/bugreport/"/>
    <property name="sun.io.unicode.encoding" value="UnicodeLittle"/>
    <property name="sun.cpu.endian" value="little"/>
    <property name="sun.stdout.encoding" value="cp437"/>
    <property name="sun.cpu.isalist" value="amd64"/>
  </properties>
  <testcase classname="sd.AppTest" name="testAdder" time="0.011">
    <failure type="junit.framework.AssertionFailedError">junit.framework.AssertionFailedError
	at junit.framework.Assert.fail(Assert.java:47)
	at junit.framework.Assert.assertTrue(Assert.java:20)
	at junit.framework.Assert.assertTrue(Assert.java:27)
	at sd.AppTest.testAdder(AppTest.java:36)
</failure>
  </testcase>
</testsuite>